19 déc. 2013 08:51:46 com.sun.enterprise.admin.launcher.GFLauncherLogger info
INFO: JVM invocation command line:
-XX:+UnlockDiagnosticVMOptions
-XX:PermSize=64m
-XX:MaxPermSize=192m
-XX:NewRatio=2
-Xmx512m
-client
-javaagent:/auto_home/mighachane/Desktop/Projet/Tweety-app/target/cargo/installs/glassfish-3.1.2.2/glassfish3/glassfish/lib/monitor/flashlight-agent.jar
-Dosgi.shell.telnet.maxconn=1
-Dfelix.fileinstall.disableConfigSave=false
-Djdbc.drivers=org.apache.derby.jdbc.ClientDriver
-Dfelix.fileinstall.dir=/auto_home/mighachane/Desktop/Projet/Tweety-app/target/cargo/installs/glassfish-3.1.2.2/glassfish3/glassfish/modules/autostart/
-Djavax.net.ssl.keyStore=/auto_home/mighachane/Desktop/Projet/Tweety-app/target/cargo/configurations/glassfish3x/cargo-domain/config/keystore.jks
-Dosgi.shell.telnet.port=6666
-Djava.security.policy=/auto_home/mighachane/Desktop/Projet/Tweety-app/target/cargo/configurations/glassfish3x/cargo-domain/config/server.policy
-Djava.awt.headless=true
-Dfelix.fileinstall.log.level=2
-Dfelix.fileinstall.poll=5000
-Dcom.sun.aas.instanceRoot=/auto_home/mighachane/Desktop/Projet/Tweety-app/target/cargo/configurations/glassfish3x/cargo-domain
-Dosgi.shell.telnet.ip=127.0.0.1
-Dcom.sun.enterprise.config.config_environment_factory_class=com.sun.enterprise.config.serverbeans.AppserverConfigEnvironmentFactory
-Djava.endorsed.dirs=/auto_home/mighachane/Desktop/Projet/Tweety-app/target/cargo/installs/glassfish-3.1.2.2/glassfish3/glassfish/modules/endorsed:/auto_home/mighachane/Desktop/Projet/Tweety-app/target/cargo/installs/glassfish-3.1.2.2/glassfish3/glassfish/lib/endorsed
-Dcom.sun.aas.installRoot=/auto_home/mighachane/Desktop/Projet/Tweety-app/target/cargo/installs/glassfish-3.1.2.2/glassfish3/glassfish
-Dfelix.fileinstall.bundles.startTransient=true
-Djava.ext.dirs=/net/local/sif/jdk/lib/ext:/net/local/sif/jdk/jre/lib/ext:/auto_home/mighachane/Desktop/Projet/Tweety-app/target/cargo/configurations/glassfish3x/cargo-domain/lib/ext
-Dfelix.fileinstall.bundles.new.start=true
-Djavax.net.ssl.trustStore=/auto_home/mighachane/Desktop/Projet/Tweety-app/target/cargo/configurations/glassfish3x/cargo-domain/config/cacerts.jks
-Dcom.sun.enterprise.security.httpsOutboundKeyAlias=s1as
-Djava.security.auth.login.config=/auto_home/mighachane/Desktop/Projet/Tweety-app/target/cargo/configurations/glassfish3x/cargo-domain/config/login.conf
-DANTLR_USE_DIRECT_CLASS_LOADING=true
-Dgosh.args=--nointeractive
19 déc. 2013 08:51:46 com.sun.enterprise.admin.launcher.GFLauncherLogger info
INFO: Successfully launched in 4 msec.
[#|2013-12-19T08:51:52.740+0100|INFO|glassfish3.1.2|com.sun.enterprise.server.logging.GFFileHandler|_ThreadID=1;_ThreadName=Thread-2;|Running GlassFish Version: GlassFish Server Open Source Edition 3.1.2.2 (build 5)|#]

[#|2013-12-19T08:51:52.806+0100|INFO|glassfish3.1.2|org.glassfish.ha.store.spi.BackingStoreFactoryRegistry|_ThreadID=10;_ThreadName=Thread-2;|Registered org.glassfish.ha.store.adapter.cache.ShoalBackingStoreProxy for persistence-type = replicated in BackingStoreFactoryRegistry|#]

[#|2013-12-19T08:51:53.025+0100|INFO|glassfish3.1.2|javax.enterprise.system.core.com.sun.enterprise.v3.services.impl|_ThreadID=11;_ThreadName=Thread-2;|Grizzly Framework 1.9.50 started in: 48ms - bound to [0.0.0.0:8181]|#]

[#|2013-12-19T08:51:53.026+0100|INFO|glassfish3.1.2|javax.enterprise.system.core.com.sun.enterprise.v3.services.impl|_ThreadID=13;_ThreadName=Thread-2;|Grizzly Framework 1.9.50 started in: 28ms - bound to [0.0.0.0:3700]|#]

[#|2013-12-19T08:51:53.026+0100|INFO|glassfish3.1.2|javax.enterprise.system.core.com.sun.enterprise.v3.services.impl|_ThreadID=15;_ThreadName=Thread-2;|Grizzly Framework 1.9.50 started in: 21ms - bound to [0.0.0.0:7676]|#]

[#|2013-12-19T08:51:53.026+0100|INFO|glassfish3.1.2|javax.enterprise.system.core.com.sun.enterprise.v3.services.impl|_ThreadID=14;_ThreadName=Thread-2;|Grizzly Framework 1.9.50 started in: 42ms - bound to [0.0.0.0:4848]|#]

[#|2013-12-19T08:51:53.026+0100|INFO|glassfish3.1.2|javax.enterprise.system.core.com.sun.enterprise.v3.services.impl|_ThreadID=12;_ThreadName=Thread-2;|Grizzly Framework 1.9.50 started in: 67ms - bound to [0.0.0.0:9000]|#]

[#|2013-12-19T08:51:53.171+0100|INFO|glassfish3.1.2|javax.enterprise.system.core.com.sun.enterprise.v3.server|_ThreadID=10;_ThreadName=Thread-2;|GlassFish Server Open Source Edition 3.1.2.2 (5) startup time : Felix (5 786ms), startup services(638ms), total(6 424ms)|#]

[#|2013-12-19T08:51:53.328+0100|INFO|glassfish3.1.2|org.hibernate.validator.internal.util.Version|_ThreadID=16;_ThreadName=Thread-2;|HV000001: Hibernate Validator 4.3.0.Final|#]

[#|2013-12-19T08:51:53.540+0100|SEVERE|glassfish3.1.2|javax.enterprise.system.tools.admin.org.glassfish.config.support|_ThreadID=16;_ThreadName=Thread-2;|ADMCNF002: Failure while upgrading domain.xml
org.jvnet.hk2.config.TransactionFailure
	at org.jvnet.hk2.config.ConfigSupport._apply(ConfigSupport.java:206)
	at org.jvnet.hk2.config.ConfigSupport.apply(ConfigSupport.java:136)
	at org.jvnet.hk2.config.ConfigSupport.apply(ConfigSupport.java:115)
	at org.glassfish.config.support.GrizzlyConfigSchemaMigrator.promoteHttpServiceProperties(GrizzlyConfigSchemaMigrator.java:704)
	at org.glassfish.config.support.GrizzlyConfigSchemaMigrator.postConstruct(GrizzlyConfigSchemaMigrator.java:117)
	at com.sun.hk2.component.AbstractCreatorImpl.inject(AbstractCreatorImpl.java:131)
	at com.sun.hk2.component.ConstructorCreator.initialize(ConstructorCreator.java:91)
	at com.sun.hk2.component.AbstractCreatorImpl.get(AbstractCreatorImpl.java:82)
	at com.sun.hk2.component.SingletonInhabitant.get(SingletonInhabitant.java:67)
	at com.sun.hk2.component.EventPublishingInhabitant.get(EventPublishingInhabitant.java:139)
	at com.sun.hk2.component.AbstractInhabitantImpl.get(AbstractInhabitantImpl.java:78)
	at org.jvnet.hk2.component.Habitat.getComponent(Habitat.java:798)
	at com.sun.hk2.component.InjectInjectionResolver.getServiceInjectValue(InjectInjectionResolver.java:147)
	at com.sun.hk2.component.InjectInjectionResolver.getValue(InjectInjectionResolver.java:88)
	at org.jvnet.hk2.component.InjectionManager.inject(InjectionManager.java:143)
	at org.jvnet.hk2.component.InjectionManager.inject(InjectionManager.java:93)
	at com.sun.hk2.component.AbstractCreatorImpl.inject(AbstractCreatorImpl.java:126)
	at com.sun.hk2.component.ConstructorCreator.initialize(ConstructorCreator.java:91)
	at com.sun.hk2.component.AbstractCreatorImpl.get(AbstractCreatorImpl.java:82)
	at com.sun.hk2.component.SingletonInhabitant.get(SingletonInhabitant.java:67)
	at com.sun.hk2.component.EventPublishingInhabitant.get(EventPublishingInhabitant.java:139)
	at com.sun.hk2.component.AbstractInhabitantImpl.get(AbstractInhabitantImpl.java:78)
	at org.jvnet.hk2.component.Habitat.getBy(Habitat.java:1056)
	at org.jvnet.hk2.component.Habitat.getByType(Habitat.java:1037)
	at org.jvnet.hk2.component.Habitat.getComponent(Habitat.java:781)
	at com.sun.enterprise.v3.admin.adapter.AdminConsoleAdapter.service(AdminConsoleAdapter.java:230)
	at com.sun.grizzly.tcp.http11.GrizzlyAdapter.service(GrizzlyAdapter.java:179)
	at com.sun.enterprise.v3.server.HK2Dispatcher.dispath(HK2Dispatcher.java:117)
	at com.sun.enterprise.v3.services.impl.ContainerMapper$Hk2DispatcherCallable.call(ContainerMapper.java:354)
	at com.sun.enterprise.v3.services.impl.ContainerMapper.service(ContainerMapper.java:195)
	at com.sun.grizzly.http.ProcessorTask.invokeAdapter(ProcessorTask.java:860)
	at com.sun.grizzly.http.ProcessorTask.doProcess(ProcessorTask.java:757)
	at com.sun.grizzly.http.ProcessorTask.process(ProcessorTask.java:1056)
	at com.sun.grizzly.http.DefaultProtocolFilter.execute(DefaultProtocolFilter.java:229)
	at com.sun.grizzly.DefaultProtocolChain.executeProtocolFilter(DefaultProtocolChain.java:137)
	at com.sun.grizzly.DefaultProtocolChain.execute(DefaultProtocolChain.java:104)
	at com.sun.grizzly.DefaultProtocolChain.execute(DefaultProtocolChain.java:90)
	at com.sun.grizzly.http.HttpProtocolChain.execute(HttpProtocolChain.java:79)
	at com.sun.grizzly.ProtocolChainContextTask.doCall(ProtocolChainContextTask.java:54)
	at com.sun.grizzly.SelectionKeyContextTask.call(SelectionKeyContextTask.java:59)
	at com.sun.grizzly.ContextTask.run(ContextTask.java:71)
	at com.sun.grizzly.util.AbstractThreadPool$Worker.doWork(AbstractThreadPool.java:532)
	at com.sun.grizzly.util.AbstractThreadPool$Worker.run(AbstractThreadPool.java:513)
	at java.lang.Thread.run(Thread.java:662)
Caused by: java.util.ConcurrentModificationException
	at java.util.AbstractList$Itr.checkForComodification(AbstractList.java:372)
	at java.util.AbstractList$Itr.next(AbstractList.java:343)
	at org.jvnet.hk2.config.Transactions.addTransaction(Transactions.java:511)
	at org.jvnet.hk2.config.Transactions.addTransaction(Transactions.java:496)
	at org.jvnet.hk2.config.Transaction.commit(Transaction.java:133)
	at org.jvnet.hk2.config.ConfigSupport._apply(ConfigSupport.java:179)
	... 43 more
|#]

[#|2013-12-19T08:51:53.541+0100|SEVERE|glassfish3.1.2|com.sun.grizzly.config.GrizzlyServiceListener|_ThreadID=16;_ThreadName=Thread-2;|service exception
org.jvnet.hk2.component.ComponentException: injection failed on com.sun.enterprise.v3.admin.AdminConsoleConfigUpgrade.precondition with interface org.glassfish.api.admin.config.ConfigurationUpgrade
	at org.jvnet.hk2.component.InjectionManager.error_injectionException(InjectionManager.java:284)
	at org.jvnet.hk2.component.InjectionManager.inject(InjectionManager.java:165)
	at org.jvnet.hk2.component.InjectionManager.inject(InjectionManager.java:93)
	at com.sun.hk2.component.AbstractCreatorImpl.inject(AbstractCreatorImpl.java:126)
	at com.sun.hk2.component.ConstructorCreator.initialize(ConstructorCreator.java:91)
	at com.sun.hk2.component.AbstractCreatorImpl.get(AbstractCreatorImpl.java:82)
	at com.sun.hk2.component.SingletonInhabitant.get(SingletonInhabitant.java:67)
	at com.sun.hk2.component.EventPublishingInhabitant.get(EventPublishingInhabitant.java:139)
	at com.sun.hk2.component.AbstractInhabitantImpl.get(AbstractInhabitantImpl.java:78)
	at org.jvnet.hk2.component.Habitat.getBy(Habitat.java:1056)
	at org.jvnet.hk2.component.Habitat.getByType(Habitat.java:1037)
	at org.jvnet.hk2.component.Habitat.getComponent(Habitat.java:781)
	at com.sun.enterprise.v3.admin.adapter.AdminConsoleAdapter.service(AdminConsoleAdapter.java:230)
	at com.sun.grizzly.tcp.http11.GrizzlyAdapter.service(GrizzlyAdapter.java:179)
	at com.sun.enterprise.v3.server.HK2Dispatcher.dispath(HK2Dispatcher.java:117)
	at com.sun.enterprise.v3.services.impl.ContainerMapper$Hk2DispatcherCallable.call(ContainerMapper.java:354)
	at com.sun.enterprise.v3.services.impl.ContainerMapper.service(ContainerMapper.java:195)
	at com.sun.grizzly.http.ProcessorTask.invokeAdapter(ProcessorTask.java:860)
	at com.sun.grizzly.http.ProcessorTask.doProcess(ProcessorTask.java:757)
	at com.sun.grizzly.http.ProcessorTask.process(ProcessorTask.java:1056)
	at com.sun.grizzly.http.DefaultProtocolFilter.execute(DefaultProtocolFilter.java:229)
	at com.sun.grizzly.DefaultProtocolChain.executeProtocolFilter(DefaultProtocolChain.java:137)
	at com.sun.grizzly.DefaultProtocolChain.execute(DefaultProtocolChain.java:104)
	at com.sun.grizzly.DefaultProtocolChain.execute(DefaultProtocolChain.java:90)
	at com.sun.grizzly.http.HttpProtocolChain.execute(HttpProtocolChain.java:79)
	at com.sun.grizzly.ProtocolChainContextTask.doCall(ProtocolChainContextTask.java:54)
	at com.sun.grizzly.SelectionKeyContextTask.call(SelectionKeyContextTask.java:59)
	at com.sun.grizzly.ContextTask.run(ContextTask.java:71)
	at com.sun.grizzly.util.AbstractThreadPool$Worker.doWork(AbstractThreadPool.java:532)
	at com.sun.grizzly.util.AbstractThreadPool$Worker.run(AbstractThreadPool.java:513)
	at java.lang.Thread.run(Thread.java:662)
Caused by: java.lang.RuntimeException: org.jvnet.hk2.config.TransactionFailure
	at org.glassfish.config.support.GrizzlyConfigSchemaMigrator.postConstruct(GrizzlyConfigSchemaMigrator.java:130)
	at com.sun.hk2.component.AbstractCreatorImpl.inject(AbstractCreatorImpl.java:131)
	at com.sun.hk2.component.ConstructorCreator.initialize(ConstructorCreator.java:91)
	at com.sun.hk2.component.AbstractCreatorImpl.get(AbstractCreatorImpl.java:82)
	at com.sun.hk2.component.SingletonInhabitant.get(SingletonInhabitant.java:67)
	at com.sun.hk2.component.EventPublishingInhabitant.get(EventPublishingInhabitant.java:139)
	at com.sun.hk2.component.AbstractInhabitantImpl.get(AbstractInhabitantImpl.java:78)
	at org.jvnet.hk2.component.Habitat.getComponent(Habitat.java:798)
	at com.sun.hk2.component.InjectInjectionResolver.getServiceInjectValue(InjectInjectionResolver.java:147)
	at com.sun.hk2.component.InjectInjectionResolver.getValue(InjectInjectionResolver.java:88)
	at org.jvnet.hk2.component.InjectionManager.inject(InjectionManager.java:143)
	... 29 more
Caused by: org.jvnet.hk2.config.TransactionFailure
	at org.jvnet.hk2.config.ConfigSupport._apply(ConfigSupport.java:206)
	at org.jvnet.hk2.config.ConfigSupport.apply(ConfigSupport.java:136)
	at org.jvnet.hk2.config.ConfigSupport.apply(ConfigSupport.java:115)
	at org.glassfish.config.support.GrizzlyConfigSchemaMigrator.promoteHttpServiceProperties(GrizzlyConfigSchemaMigrator.java:704)
	at org.glassfish.config.support.GrizzlyConfigSchemaMigrator.postConstruct(GrizzlyConfigSchemaMigrator.java:117)
	... 39 more
Caused by: java.util.ConcurrentModificationException
	at java.util.AbstractList$Itr.checkForComodification(AbstractList.java:372)
	at java.util.AbstractList$Itr.next(AbstractList.java:343)
	at org.jvnet.hk2.config.Transactions.addTransaction(Transactions.java:511)
	at org.jvnet.hk2.config.Transactions.addTransaction(Transactions.java:496)
	at org.jvnet.hk2.config.Transaction.commit(Transaction.java:133)
	at org.jvnet.hk2.config.ConfigSupport._apply(ConfigSupport.java:179)
	... 43 more
|#]

[#|2013-12-19T08:51:53.905+0100|INFO|glassfish3.1.2|javax.enterprise.system.jmx.org.glassfish.admin.mbeanserver|_ThreadID=17;_ThreadName=Thread-2;|JMX005: JMXStartupService had Started JMXConnector on JMXService URL service:jmx:rmi://s12.etu.info-ufr.univ-montp2.fr:8686/jndi/rmi://s12.etu.info-ufr.univ-montp2.fr:8686/jmxrmi|#]

[#|2013-12-19T08:51:55.038+0100|INFO|glassfish3.1.2|javax.enterprise.system.core.com.sun.enterprise.v3.services.impl|_ThreadID=18;_ThreadName=Thread-2;|Grizzly Framework 1.9.50 started in: 1ms - bound to [0.0.0.0:9000]|#]

[#|2013-12-19T08:51:56.037+0100|INFO|glassfish3.1.2|javax.enterprise.system.core.com.sun.enterprise.v3.services.impl|_ThreadID=19;_ThreadName=Thread-2;|Grizzly Framework 1.9.50 started in: 1ms - bound to [0.0.0.0:8181]|#]

[#|2013-12-19T08:51:59.735+0100|INFO|glassfish3.1.2|javax.enterprise.system.core.com.sun.enterprise.v3.admin.adapter|_ThreadID=20;_ThreadName=Thread-2;|The Admin Console is installing...|#]

[#|2013-12-19T08:51:59.764+0100|INFO|glassfish3.1.2|javax.enterprise.system.tools.admin.com.sun.enterprise.container.common|_ThreadID=21;_ThreadName=Thread-2;|User [] from host s12.etu.info-ufr.univ-montp2.fr does not have administration access|#]

[#|2013-12-19T08:51:59.978+0100|INFO|glassfish3.1.2|javax.enterprise.system.core.com.sun.enterprise.v3.admin.adapter|_ThreadID=20;_ThreadName=Thread-2;|The Admin Console is already installed, but not yet loaded.|#]

[#|2013-12-19T08:51:59.978+0100|INFO|glassfish3.1.2|javax.enterprise.system.core.com.sun.enterprise.v3.admin.adapter|_ThreadID=20;_ThreadName=Thread-2;|The Admin Console is starting. Please wait.|#]

[#|2013-12-19T08:52:00.506+0100|INFO|glassfish3.1.2|javax.enterprise.system.container.web.com.sun.enterprise.web|_ThreadID=20;_ThreadName=Thread-2;|WEB0169: Created HTTP listener [http-listener-1] on host/port [0.0.0.0:9000]|#]

[#|2013-12-19T08:52:00.510+0100|INFO|glassfish3.1.2|javax.enterprise.system.container.web.com.sun.enterprise.web|_ThreadID=20;_ThreadName=Thread-2;|WEB0169: Created HTTP listener [http-listener-2] on host/port [0.0.0.0:8181]|#]

[#|2013-12-19T08:52:00.513+0100|INFO|glassfish3.1.2|javax.enterprise.system.container.web.com.sun.enterprise.web|_ThreadID=20;_ThreadName=Thread-2;|WEB0169: Created HTTP listener [admin-listener] on host/port [0.0.0.0:4848]|#]

[#|2013-12-19T08:52:00.545+0100|INFO|glassfish3.1.2|javax.enterprise.system.container.web.com.sun.enterprise.web|_ThreadID=20;_ThreadName=Thread-2;|WEB0171: Created virtual server [server]|#]

[#|2013-12-19T08:52:00.548+0100|INFO|glassfish3.1.2|javax.enterprise.system.container.web.com.sun.enterprise.web|_ThreadID=20;_ThreadName=Thread-2;|WEB0171: Created virtual server [__asadmin]|#]

[#|2013-12-19T08:52:00.803+0100|INFO|glassfish3.1.2|javax.enterprise.system.container.web.com.sun.enterprise.web|_ThreadID=20;_ThreadName=Thread-2;|WEB0172: Virtual server [server] loaded default web module []|#]

[#|2013-12-19T08:52:01.227+0100|INFO|glassfish3.1.2|javax.enterprise.system.core.security.com.sun.enterprise.security|_ThreadID=20;_ThreadName=Thread-2;|SEC1002: Security Manager is OFF.|#]

[#|2013-12-19T08:52:01.370+0100|SEVERE|glassfish3.1.2|javax.enterprise.system.ssl.security.com.sun.enterprise.security.ssl.impl|_ThreadID=20;_ThreadName=Thread-2;|SEC5054: Certificate has expired: [
[
  Version: V3
  Subject: CN=GTE CyberTrust Root 5, OU="GTE CyberTrust Solutions, Inc.", O=GTE Corporation, C=US
  Signature Algorithm: SHA1withRSA, OID = 1.2.840.113549.1.1.5

  Key:  Sun RSA public key, 2048 bits
  modulus: 23741889829347261660812437366387754385443431973861114865490414153884050331745811968523116847625570146592736935209718565296053386842135985534863157983128812774162998053673746470782252407673402238146869994438729551246768368782318393878374421033907597162218758024581735139682087126982809511479059100617027892880227587855877479432885604404402435662802390484099065871430585284534529627347717530352189612077130606642676951640071336717026459037542552927905851171460589361570392199748753414855675665635003335769915908187224347232807336022456537328962095005323382940080676931822787496212635993279098588863972868266229522169377
  public exponent: 65537
  Validity: [From: Fri Aug 14 16:50:00 CEST 1998,
               To: Thu Aug 15 01:59:00 CEST 2013]
  Issuer: CN=GTE CyberTrust Root 5, OU="GTE CyberTrust Solutions, Inc.", O=GTE Corporation, C=US
  SerialNumber: [    01b6]

Certificate Extensions: 4
[1]: ObjectId: 2.5.29.19 Criticality=true
BasicConstraints:[
  CA:true
  PathLen:5
]

[2]: ObjectId: 2.5.29.32 Criticality=false
CertificatePolicies [
  [CertificatePolicyId: [1.2.840.113763.1.2.1.3]
[]  ]
]

[3]: ObjectId: 2.5.29.15 Criticality=true
KeyUsage [
  Key_CertSign
  Crl_Sign
]

[4]: ObjectId: 2.5.29.14 Criticality=false
SubjectKeyIdentifier [
KeyIdentifier [
0000: 76 0A 49 21 38 4C 9F DE   F8 C4 49 C7 71 71 91 9D  v.I!8L....I.qq..
]
]

]
  Algorithm: [SHA1withRSA]
  Signature:
0000: 41 3A D4 18 5B DA B8 DE   21 1C E1 8E 09 E5 F1 68  A:..[...!......h
0010: 34 FF DE 96 F4 07 F5 A7   3C F3 AC 4A B1 9B FA 92  4.......<..J....
0020: FA 9B ED E6 32 21 AA 4A   76 C5 DC 4F 38 E5 DF D5  ....2!.Jv..O8...
0030: 86 E4 D5 C8 76 7D 98 D7   B1 CD 8F 4D B5 91 23 6C  ....v......M..#l
0040: 8B 8A EB EA 7C EF 14 94   C4 C6 F0 1F 4A 2D 32 71  ............J-2q
0050: 63 2B 63 91 26 02 09 B6   80 1D ED E2 CC B8 7F DB  c+c.&...........
0060: 87 63 C8 E1 D0 6C 26 B1   35 1D 40 66 10 1B CD 95  .c...l&.5.@f....
0070: 54 18 33 61 EC 13 4F DA   13 F7 99 AF 3E D0 CF 8E  T.3a..O.....>...
0080: A6 72 A2 B3 C3 05 9A C9   27 7D 92 CC 7E 52 8D B3  .r......'....R..
0090: AB 70 6D 9E 89 9F 4D EB   1A 75 C2 98 AA D5 02 16  .pm...M..u......
00A0: D7 0C 8A BF 25 E4 EB 2D   BC 98 E9 58 38 19 7C B9  ....%..-...X8...
00B0: 37 FE DB E2 99 08 73 06   C7 97 83 6A 7D 10 01 2F  7.....s....j.../
00C0: 32 B9 17 05 4A 65 E6 2F   CE BE 5E 53 A6 82 E9 9A  2...Je./..^S....
00D0: 53 0A 84 74 2D 83 CA C8   94 16 76 5F 94 61 28 F0  S..t-.....v_.a(.
00E0: 85 A7 39 BB D7 8B D9 A8   B2 13 1D 54 09 34 24 7D  ..9........T.4$.
00F0: 20 81 7D 66 7E A2 90 74   5C 10 C6 BD EC AB 1B C2   ..f...t\.......

]|#]

[#|2013-12-19T08:52:01.409+0100|INFO|glassfish3.1.2|javax.enterprise.system.core.security.com.sun.enterprise.security|_ThreadID=20;_ThreadName=Thread-2;|SEC1010: Entering Security Startup Service|#]

[#|2013-12-19T08:52:01.414+0100|INFO|glassfish3.1.2|javax.enterprise.system.core.security.com.sun.enterprise.security|_ThreadID=20;_ThreadName=Thread-2;|SEC1143: Loading policy provider com.sun.enterprise.security.provider.PolicyWrapper.|#]

[#|2013-12-19T08:52:01.562+0100|INFO|glassfish3.1.2|javax.enterprise.system.core.security.com.sun.enterprise.security.auth.realm|_ThreadID=20;_ThreadName=Thread-2;|SEC1115: Realm [admin-realm] of classtype [com.sun.enterprise.security.auth.realm.file.FileRealm] successfully created.|#]

[#|2013-12-19T08:52:01.567+0100|INFO|glassfish3.1.2|javax.enterprise.system.core.security.com.sun.enterprise.security.auth.realm|_ThreadID=20;_ThreadName=Thread-2;|SEC1115: Realm [file] of classtype [com.sun.enterprise.security.auth.realm.file.FileRealm] successfully created.|#]

[#|2013-12-19T08:52:01.594+0100|INFO|glassfish3.1.2|javax.enterprise.system.core.security.com.sun.enterprise.security.auth.realm|_ThreadID=20;_ThreadName=Thread-2;|SEC1115: Realm [certificate] of classtype [com.sun.enterprise.security.auth.realm.certificate.CertificateRealm] successfully created.|#]

[#|2013-12-19T08:52:01.827+0100|INFO|glassfish3.1.2|javax.enterprise.system.core.security.com.sun.enterprise.security|_ThreadID=20;_ThreadName=Thread-2;|SEC1011: Security Service(s) Started Successfully|#]

[#|2013-12-19T08:52:02.735+0100|INFO|glassfish3.1.2|com.sun.jersey.api.core.PackagesResourceConfig|_ThreadID=22;_ThreadName=Thread-2;|Scanning for root resource and provider classes in the packages:
  jee.resources|#]

[#|2013-12-19T08:52:02.775+0100|INFO|glassfish3.1.2|com.sun.jersey.api.core.ScanningResourceConfig|_ThreadID=22;_ThreadName=Thread-2;|Root resource classes found:
  class jee.resources.UtilisateurResource|#]

[#|2013-12-19T08:52:02.780+0100|INFO|glassfish3.1.2|com.sun.jersey.api.core.ScanningResourceConfig|_ThreadID=22;_ThreadName=Thread-2;|No provider classes found.|#]

[#|2013-12-19T08:52:02.968+0100|INFO|glassfish3.1.2|com.sun.jersey.server.impl.application.WebApplicationImpl|_ThreadID=22;_ThreadName=Thread-2;|Initiating Jersey application, version 'Jersey: 1.11.1 03/31/2012 06:49 PM'|#]

[#|2013-12-19T08:52:03.331+0100|INFO|glassfish3.1.2|javax.enterprise.resource.webcontainer.jsf.config|_ThreadID=20;_ThreadName=Thread-2;|Initialisation de Mojarra 2.1.6 (SNAPSHOT 20111206) pour le contexte «»|#]

[#|2013-12-19T08:52:03.881+0100|WARNING|glassfish3.1.2|com.sun.jersey.spi.inject.Errors|_ThreadID=22;_ThreadName=Thread-2;|The following warnings have been detected with resource and/or provider classes:
  WARNING: A HTTP GET method, public void jee.resources.UtilisateurResource.adduser() throws java.lang.Exception, MUST return a non-void type.|#]

[#|2013-12-19T08:52:03.906+0100|INFO|glassfish3.1.2|javax.enterprise.system.container.web.com.sun.enterprise.web|_ThreadID=22;_ThreadName=Thread-2;|WEB0671: Loading application [Tweety-app-1.0-SNAPSHOT] at [/Tweety-app]|#]

[#|2013-12-19T08:52:04.073+0100|INFO|glassfish3.1.2|javax.enterprise.system.tools.admin.org.glassfish.deployment.admin|_ThreadID=22;_ThreadName=Thread-2;|Tweety-app-1.0-SNAPSHOT was successfully deployed in 3 678 milliseconds.|#]

[#|2013-12-19T08:52:04.748+0100|INFO|glassfish3.1.2|javax.enterprise.system.container.web.com.sun.enterprise.web|_ThreadID=23;_ThreadName=Thread-2;|WEB0671: Loading application [cargocpc] at [/cargocpc]|#]

[#|2013-12-19T08:52:04.771+0100|INFO|glassfish3.1.2|javax.enterprise.system.tools.admin.org.glassfish.deployment.admin|_ThreadID=23;_ThreadName=Thread-2;|cargocpc was successfully deployed in 153 milliseconds.|#]

[#|2013-12-19T08:52:05.327+0100|INFO|glassfish3.1.2|javax.enterprise.system.container.web.com.sun.enterprise.web|_ThreadID=20;_ThreadName=Thread-2;|WEB0671: Loading application [__admingui] at [/]|#]

[#|2013-12-19T08:52:05.328+0100|INFO|glassfish3.1.2|javax.enterprise.system.core.com.sun.enterprise.v3.server|_ThreadID=20;_ThreadName=Thread-2;|CORE10010: Loading application __admingui done in 5 349 ms|#]

[#|2013-12-19T08:52:05.328+0100|INFO|glassfish3.1.2|javax.enterprise.system.core.com.sun.enterprise.v3.admin.adapter|_ThreadID=20;_ThreadName=Thread-2;|The Admin Console application is loaded.|#]

[#|2013-12-19T08:52:27.930+0100|SEVERE|glassfish3.1.2|com.avaje.ebeaninternal.server.core.XmlConfigLoader|_ThreadID=24;_ThreadName=Thread-2;|Not a Jar or Directory? /auto_home/mighachane/Desktop/Projet/Tweety-app/target/cargo/configurations/glassfish3x/cargo-domain/generated/Tweety-app-1.0-SNAPSHOT|#]

[#|2013-12-19T08:52:27.934+0100|SEVERE|glassfish3.1.2|com.avaje.ebeaninternal.server.core.XmlConfigLoader|_ThreadID=24;_ThreadName=Thread-2;|Not a Jar or Directory? /auto_home/mighachane/Desktop/Projet/Tweety-app/target/cargo/configurations/glassfish3x/cargo-domain/generated/Tweety-app-1.0-SNAPSHOT|#]

[#|2013-12-19T08:52:28.066+0100|SEVERE|glassfish3.1.2|com.avaje.ebeaninternal.server.util.ClassPathSearch|_ThreadID=24;_ThreadName=Thread-2;|Error: expected classPath entry [/auto_home/mighachane/Desktop/Projet/Tweety-app/target/cargo/configurations/glassfish3x/cargo-domain/generated/Tweety-app-1.0-SNAPSHOT] to be a directory or a .jar file but it is not either of those?|#]

[#|2013-12-19T08:52:28.066+0100|INFO|glassfish3.1.2|com.avaje.ebeaninternal.server.core.BootupClassPathSearch|_ThreadID=24;_ThreadName=Thread-2;|Classpath search hits in jars[ebean-2.8.1.jar] pkgs[com.avaje.ebeaninternal.server.bean, com.avaje.ebean.meta, jee.model]  searchTime[76]|#]

[#|2013-12-19T08:52:28.105+0100|INFO|glassfish3.1.2|com.avaje.ebeaninternal.server.lib.sql.DataSourcePool|_ThreadID=24;_ThreadName=Thread-2;|DataSourcePool [h2] autoCommit[false] transIsolation[READ_COMMITTED] min[1] max[25]|#]

[#|2013-12-19T08:52:28.111+0100|SEVERE|glassfish3.1.2|com.avaje.ebeaninternal.server.lib.sql.DataSourcePool|_ThreadID=24;_ThreadName=Thread-2;|FATAL: DataSourcePool [h2] is down!!!|#]

[#|2013-12-19T08:52:28.113+0100|INFO|glassfish3.1.2|com.avaje.ebeaninternal.server.lib.sql.PooledConnectionQueue|_ThreadID=24;_ThreadName=Thread-2;|Reseting DataSourcePool [h2] min:1 max:25 free:0 busy:0 waiting:0 highWaterMark:0 waitCount:0 hitCount:0|#]

[#|2013-12-19T08:52:28.114+0100|INFO|glassfish3.1.2|com.avaje.ebeaninternal.server.lib.sql.PooledConnectionQueue|_ThreadID=24;_ThreadName=Thread-2;|Busy Connections:
|#]

[#|2013-12-19T08:52:28.114+0100|SEVERE|glassfish3.1.2|com.sun.jersey.spi.container.ContainerResponse|_ThreadID=24;_ThreadName=Thread-2;|The exception contained within MappableContainerException could not be mapped to a response, re-throwing to the HTTP container
java.lang.ExceptionInInitializerError
	at jee.resources.UtilisateurResource.adduser(UtilisateurResource.java:37)
	at sun.reflect.NativeMethodAccessorImpl.invoke0(Native Method)
	at sun.reflect.NativeMethodAccessorImpl.invoke(NativeMethodAccessorImpl.java:39)
	at sun.reflect.DelegatingMethodAccessorImpl.invoke(DelegatingMethodAccessorImpl.java:25)
	at java.lang.reflect.Method.invoke(Method.java:597)
	at com.sun.jersey.spi.container.JavaMethodInvokerFactory$1.invoke(JavaMethodInvokerFactory.java:60)
	at com.sun.jersey.server.impl.model.method.dispatch.VoidVoidDispatchProvider$VoidVoidMethodInvoker._dispatch(VoidVoidDispatchProvider.java:71)
	at com.sun.jersey.server.impl.model.method.dispatch.ResourceJavaMethodDispatcher.dispatch(ResourceJavaMethodDispatcher.java:75)
	at com.sun.jersey.server.impl.uri.rules.HttpMethodRule.accept(HttpMethodRule.java:288)
	at com.sun.jersey.server.impl.uri.rules.ResourceClassRule.accept(ResourceClassRule.java:108)
	at com.sun.jersey.server.impl.uri.rules.RightHandPathRule.accept(RightHandPathRule.java:147)
	at com.sun.jersey.server.impl.uri.rules.RootResourceClassesRule.accept(RootResourceClassesRule.java:84)
	at com.sun.jersey.server.impl.application.WebApplicationImpl._handleRequest(WebApplicationImpl.java:1469)
	at com.sun.jersey.server.impl.application.WebApplicationImpl._handleRequest(WebApplicationImpl.java:1400)
	at com.sun.jersey.server.impl.application.WebApplicationImpl.handleRequest(WebApplicationImpl.java:1349)
	at com.sun.jersey.server.impl.application.WebApplicationImpl.handleRequest(WebApplicationImpl.java:1339)
	at com.sun.jersey.spi.container.servlet.WebComponent.service(WebComponent.java:416)
	at com.sun.jersey.spi.container.servlet.ServletContainer.service(ServletContainer.java:537)
	at com.sun.jersey.spi.container.servlet.ServletContainer.service(ServletContainer.java:708)
	at javax.servlet.http.HttpServlet.service(HttpServlet.java:770)
	at org.apache.catalina.core.StandardWrapper.service(StandardWrapper.java:1550)
	at org.apache.catalina.core.StandardWrapperValve.invoke(StandardWrapperValve.java:281)
	at org.apache.catalina.core.StandardContextValve.invoke(StandardContextValve.java:175)
	at org.apache.catalina.core.StandardPipeline.doInvoke(StandardPipeline.java:655)
	at org.apache.catalina.core.StandardPipeline.invoke(StandardPipeline.java:595)
	at org.apache.catalina.core.StandardHostValve.invoke(StandardHostValve.java:161)
	at org.apache.catalina.connector.CoyoteAdapter.doService(CoyoteAdapter.java:331)
	at org.apache.catalina.connector.CoyoteAdapter.service(CoyoteAdapter.java:231)
	at com.sun.enterprise.v3.services.impl.ContainerMapper$AdapterCallable.call(ContainerMapper.java:317)
	at com.sun.enterprise.v3.services.impl.ContainerMapper.service(ContainerMapper.java:195)
	at com.sun.grizzly.http.ProcessorTask.invokeAdapter(ProcessorTask.java:860)
	at com.sun.grizzly.http.ProcessorTask.doProcess(ProcessorTask.java:757)
	at com.sun.grizzly.http.ProcessorTask.process(ProcessorTask.java:1056)
	at com.sun.grizzly.http.DefaultProtocolFilter.execute(DefaultProtocolFilter.java:229)
	at com.sun.grizzly.DefaultProtocolChain.executeProtocolFilter(DefaultProtocolChain.java:137)
	at com.sun.grizzly.DefaultProtocolChain.execute(DefaultProtocolChain.java:104)
	at com.sun.grizzly.DefaultProtocolChain.execute(DefaultProtocolChain.java:90)
	at com.sun.grizzly.http.HttpProtocolChain.execute(HttpProtocolChain.java:79)
	at com.sun.grizzly.ProtocolChainContextTask.doCall(ProtocolChainContextTask.java:54)
	at com.sun.grizzly.SelectionKeyContextTask.call(SelectionKeyContextTask.java:59)
	at com.sun.grizzly.ContextTask.run(ContextTask.java:71)
	at com.sun.grizzly.util.AbstractThreadPool$Worker.doWork(AbstractThreadPool.java:532)
	at com.sun.grizzly.util.AbstractThreadPool$Worker.run(AbstractThreadPool.java:513)
	at java.lang.Thread.run(Thread.java:662)
Caused by: com.avaje.ebeaninternal.server.lib.sql.DataSourceException: java.sql.SQLException: No suitable driver found for /auto_home/mighachane/Desktop/twitternew/jdbc:h2:db2/database
	at com.avaje.ebeaninternal.server.lib.sql.DataSourcePool.<init>(DataSourcePool.java:220)
	at com.avaje.ebeaninternal.server.lib.sql.DataSourceManager.getDataSource(DataSourceManager.java:217)
	at com.avaje.ebeaninternal.server.lib.sql.DataSourceGlobalManager.getDataSource(DataSourceGlobalManager.java:63)
	at com.avaje.ebeaninternal.server.core.DefaultServerFactory.getDataSourceFromConfig(DefaultServerFactory.java:431)
	at com.avaje.ebeaninternal.server.core.DefaultServerFactory.setDataSource(DefaultServerFactory.java:392)
	at com.avaje.ebeaninternal.server.core.DefaultServerFactory.createServer(DefaultServerFactory.java:168)
	at com.avaje.ebeaninternal.server.core.DefaultServerFactory.createServer(DefaultServerFactory.java:123)
	at com.avaje.ebeaninternal.server.core.DefaultServerFactory.createServer(DefaultServerFactory.java:63)
	at com.avaje.ebean.EbeanServerFactory.create(EbeanServerFactory.java:64)
	at com.avaje.ebean.Ebean$ServerManager.getWithCreate(Ebean.java:225)
	at com.avaje.ebean.Ebean$ServerManager.<init>(Ebean.java:181)
	at com.avaje.ebean.Ebean$ServerManager.<init>(Ebean.java:147)
	at com.avaje.ebean.Ebean.<clinit>(Ebean.java:141)
	... 44 more
Caused by: java.sql.SQLException: No suitable driver found for /auto_home/mighachane/Desktop/twitternew/jdbc:h2:db2/database
	at java.sql.DriverManager.getConnection(DriverManager.java:602)
	at java.sql.DriverManager.getConnection(DriverManager.java:154)
	at com.avaje.ebeaninternal.server.lib.sql.DataSourcePool.createUnpooledConnection(DataSourcePool.java:396)
	at com.avaje.ebeaninternal.server.lib.sql.DataSourcePool.createConnectionForQueue(DataSourcePool.java:602)
	at com.avaje.ebeaninternal.server.lib.sql.PooledConnectionQueue.ensureMinimumConnections(PooledConnectionQueue.java:205)
	at com.avaje.ebeaninternal.server.lib.sql.DataSourcePool.initialise(DataSourcePool.java:258)
	at com.avaje.ebeaninternal.server.lib.sql.DataSourcePool.<init>(DataSourcePool.java:218)
	... 56 more
|#]

[#|2013-12-19T08:52:28.116+0100|WARNING|glassfish3.1.2|javax.enterprise.system.container.web.com.sun.enterprise.web|_ThreadID=24;_ThreadName=Thread-2;|StandardWrapperValve[JerseyServletName]: PWC1406: Servlet.service() for servlet JerseyServletName threw exception
java.sql.SQLException: No suitable driver found for /auto_home/mighachane/Desktop/twitternew/jdbc:h2:db2/database
	at java.sql.DriverManager.getConnection(DriverManager.java:602)
	at java.sql.DriverManager.getConnection(DriverManager.java:154)
	at com.avaje.ebeaninternal.server.lib.sql.DataSourcePool.createUnpooledConnection(DataSourcePool.java:396)
	at com.avaje.ebeaninternal.server.lib.sql.DataSourcePool.createConnectionForQueue(DataSourcePool.java:602)
	at com.avaje.ebeaninternal.server.lib.sql.PooledConnectionQueue.ensureMinimumConnections(PooledConnectionQueue.java:205)
	at com.avaje.ebeaninternal.server.lib.sql.DataSourcePool.initialise(DataSourcePool.java:258)
	at com.avaje.ebeaninternal.server.lib.sql.DataSourcePool.<init>(DataSourcePool.java:218)
	at com.avaje.ebeaninternal.server.lib.sql.DataSourceManager.getDataSource(DataSourceManager.java:217)
	at com.avaje.ebeaninternal.server.lib.sql.DataSourceGlobalManager.getDataSource(DataSourceGlobalManager.java:63)
	at com.avaje.ebeaninternal.server.core.DefaultServerFactory.getDataSourceFromConfig(DefaultServerFactory.java:431)
	at com.avaje.ebeaninternal.server.core.DefaultServerFactory.setDataSource(DefaultServerFactory.java:392)
	at com.avaje.ebeaninternal.server.core.DefaultServerFactory.createServer(DefaultServerFactory.java:168)
	at com.avaje.ebeaninternal.server.core.DefaultServerFactory.createServer(DefaultServerFactory.java:123)
	at com.avaje.ebeaninternal.server.core.DefaultServerFactory.createServer(DefaultServerFactory.java:63)
	at com.avaje.ebean.EbeanServerFactory.create(EbeanServerFactory.java:64)
	at com.avaje.ebean.Ebean$ServerManager.getWithCreate(Ebean.java:225)
	at com.avaje.ebean.Ebean$ServerManager.<init>(Ebean.java:181)
	at com.avaje.ebean.Ebean$ServerManager.<init>(Ebean.java:147)
	at com.avaje.ebean.Ebean.<clinit>(Ebean.java:141)
	at jee.resources.UtilisateurResource.adduser(UtilisateurResource.java:37)
	at sun.reflect.NativeMethodAccessorImpl.invoke0(Native Method)
	at sun.reflect.NativeMethodAccessorImpl.invoke(NativeMethodAccessorImpl.java:39)
	at sun.reflect.DelegatingMethodAccessorImpl.invoke(DelegatingMethodAccessorImpl.java:25)
	at java.lang.reflect.Method.invoke(Method.java:597)
	at com.sun.jersey.spi.container.JavaMethodInvokerFactory$1.invoke(JavaMethodInvokerFactory.java:60)
	at com.sun.jersey.server.impl.model.method.dispatch.VoidVoidDispatchProvider$VoidVoidMethodInvoker._dispatch(VoidVoidDispatchProvider.java:71)
	at com.sun.jersey.server.impl.model.method.dispatch.ResourceJavaMethodDispatcher.dispatch(ResourceJavaMethodDispatcher.java:75)
	at com.sun.jersey.server.impl.uri.rules.HttpMethodRule.accept(HttpMethodRule.java:288)
	at com.sun.jersey.server.impl.uri.rules.ResourceClassRule.accept(ResourceClassRule.java:108)
	at com.sun.jersey.server.impl.uri.rules.RightHandPathRule.accept(RightHandPathRule.java:147)
	at com.sun.jersey.server.impl.uri.rules.RootResourceClassesRule.accept(RootResourceClassesRule.java:84)
	at com.sun.jersey.server.impl.application.WebApplicationImpl._handleRequest(WebApplicationImpl.java:1469)
	at com.sun.jersey.server.impl.application.WebApplicationImpl._handleRequest(WebApplicationImpl.java:1400)
	at com.sun.jersey.server.impl.application.WebApplicationImpl.handleRequest(WebApplicationImpl.java:1349)
	at com.sun.jersey.server.impl.application.WebApplicationImpl.handleRequest(WebApplicationImpl.java:1339)
	at com.sun.jersey.spi.container.servlet.WebComponent.service(WebComponent.java:416)
	at com.sun.jersey.spi.container.servlet.ServletContainer.service(ServletContainer.java:537)
	at com.sun.jersey.spi.container.servlet.ServletContainer.service(ServletContainer.java:708)
	at javax.servlet.http.HttpServlet.service(HttpServlet.java:770)
	at org.apache.catalina.core.StandardWrapper.service(StandardWrapper.java:1550)
	at org.apache.catalina.core.StandardWrapperValve.invoke(StandardWrapperValve.java:281)
	at org.apache.catalina.core.StandardContextValve.invoke(StandardContextValve.java:175)
	at org.apache.catalina.core.StandardPipeline.doInvoke(StandardPipeline.java:655)
	at org.apache.catalina.core.StandardPipeline.invoke(StandardPipeline.java:595)
	at org.apache.catalina.core.StandardHostValve.invoke(StandardHostValve.java:161)
	at org.apache.catalina.connector.CoyoteAdapter.doService(CoyoteAdapter.java:331)
	at org.apache.catalina.connector.CoyoteAdapter.service(CoyoteAdapter.java:231)
	at com.sun.enterprise.v3.services.impl.ContainerMapper$AdapterCallable.call(ContainerMapper.java:317)
	at com.sun.enterprise.v3.services.impl.ContainerMapper.service(ContainerMapper.java:195)
	at com.sun.grizzly.http.ProcessorTask.invokeAdapter(ProcessorTask.java:860)
	at com.sun.grizzly.http.ProcessorTask.doProcess(ProcessorTask.java:757)
	at com.sun.grizzly.http.ProcessorTask.process(ProcessorTask.java:1056)
	at com.sun.grizzly.http.DefaultProtocolFilter.execute(DefaultProtocolFilter.java:229)
	at com.sun.grizzly.DefaultProtocolChain.executeProtocolFilter(DefaultProtocolChain.java:137)
	at com.sun.grizzly.DefaultProtocolChain.execute(DefaultProtocolChain.java:104)
	at com.sun.grizzly.DefaultProtocolChain.execute(DefaultProtocolChain.java:90)
	at com.sun.grizzly.http.HttpProtocolChain.execute(HttpProtocolChain.java:79)
	at com.sun.grizzly.ProtocolChainContextTask.doCall(ProtocolChainContextTask.java:54)
	at com.sun.grizzly.SelectionKeyContextTask.call(SelectionKeyContextTask.java:59)
	at com.sun.grizzly.ContextTask.run(ContextTask.java:71)
	at com.sun.grizzly.util.AbstractThreadPool$Worker.doWork(AbstractThreadPool.java:532)
	at com.sun.grizzly.util.AbstractThreadPool$Worker.run(AbstractThreadPool.java:513)
	at java.lang.Thread.run(Thread.java:662)
|#]

[#|2013-12-19T08:53:54.557+0100|INFO|glassfish3.1.2|null|_ThreadID=25;_ThreadName=Thread-2;|Domain Pinged: stable.glassfish.org|#]

